<?xml version="1.0" encoding="UTF-8"?>
<testsuite xmlns:xsi="http://www.w3.org/2001/XMLSchema-instance" xsi:noNamespaceSchemaLocation="https://maven.apache.org/surefire/maven-surefire-plugin/xsd/surefire-test-report-3.0.xsd" version="3.0" name="es.iespuertodelacruz.jc.muchosamuchos.repository.CocheRepositoryTest" time="1.464" tests="5" errors="0" skipped="0" failures="0">
  <properties>
    <property name="java.specification.version" value="17"/>
    <property name="sun.jnu.encoding" value="UTF-8"/>
    <property name="java.class.path" value="/home/dam2/Escritorio/repositorios/Angel_AED_PGL/AED/java/MuchosaMuchosJPA/target/test-classes:/home/dam2/Escritorio/repositorios/Angel_AED_PGL/AED/java/MuchosaMuchosJPA/target/classes:/home/dam2/.m2/repository/mysql/mysql-connector-java/8.0.26/mysql-connector-java-8.0.26.jar:/home/dam2/.m2/repository/com/google/protobuf/protobuf-java/3.11.4/protobuf-java-3.11.4.jar:/home/dam2/.m2/repository/com/fasterxml/jackson/core/jackson-databind/2.12.2/jackson-databind-2.12.2.jar:/home/dam2/.m2/repository/com/fasterxml/jackson/core/jackson-annotations/2.12.2/jackson-annotations-2.12.2.jar:/home/dam2/.m2/repository/com/fasterxml/jackson/core/jackson-core/2.12.2/jackson-core-2.12.2.jar:/home/dam2/.m2/repository/org/hibernate/hibernate-core/5.4.3.Final/hibernate-core-5.4.3.Final.jar:/home/dam2/.m2/repository/org/jboss/logging/jboss-logging/3.3.2.Final/jboss-logging-3.3.2.Final.jar:/home/dam2/.m2/repository/org/javassist/javassist/3.24.0-GA/javassist-3.24.0-GA.jar:/home/dam2/.m2/repository/net/bytebuddy/byte-buddy/1.9.10/byte-buddy-1.9.10.jar:/home/dam2/.m2/repository/antlr/antlr/2.7.7/antlr-2.7.7.jar:/home/dam2/.m2/repository/org/jboss/spec/javax/transaction/jboss-transaction-api_1.2_spec/1.1.1.Final/jboss-transaction-api_1.2_spec-1.1.1.Final.jar:/home/dam2/.m2/repository/org/jboss/jandex/2.0.5.Final/jandex-2.0.5.Final.jar:/home/dam2/.m2/repository/com/fasterxml/classmate/1.3.4/classmate-1.3.4.jar:/home/dam2/.m2/repository/javax/activation/javax.activation-api/1.2.0/javax.activation-api-1.2.0.jar:/home/dam2/.m2/repository/org/dom4j/dom4j/2.1.1/dom4j-2.1.1.jar:/home/dam2/.m2/repository/org/hibernate/common/hibernate-commons-annotations/5.1.0.Final/hibernate-commons-annotations-5.1.0.Final.jar:/home/dam2/.m2/repository/javax/xml/bind/jaxb-api/2.3.1/jaxb-api-2.3.1.jar:/home/dam2/.m2/repository/org/glassfish/jaxb/jaxb-runtime/2.3.1/jaxb-runtime-2.3.1.jar:/home/dam2/.m2/repository/org/glassfish/jaxb/txw2/2.3.1/txw2-2.3.1.jar:/home/dam2/.m2/repository/com/sun/istack/istack-commons-runtime/3.0.7/istack-commons-runtime-3.0.7.jar:/home/dam2/.m2/repository/org/jvnet/staxex/stax-ex/1.8/stax-ex-1.8.jar:/home/dam2/.m2/repository/com/sun/xml/fastinfoset/FastInfoset/1.2.15/FastInfoset-1.2.15.jar:/home/dam2/.m2/repository/org/hibernate/hibernate-entitymanager/5.4.3.Final/hibernate-entitymanager-5.4.3.Final.jar:/home/dam2/.m2/repository/javax/persistence/javax.persistence-api/2.2/javax.persistence-api-2.2.jar:/home/dam2/.m2/repository/com/h2database/h2/2.1.214/h2-2.1.214.jar:/home/dam2/.m2/repository/org/junit/jupiter/junit-jupiter-engine/5.8.0-M1/junit-jupiter-engine-5.8.0-M1.jar:/home/dam2/.m2/repository/org/apiguardian/apiguardian-api/1.1.1/apiguardian-api-1.1.1.jar:/home/dam2/.m2/repository/org/junit/platform/junit-platform-engine/1.8.0-M1/junit-platform-engine-1.8.0-M1.jar:/home/dam2/.m2/repository/org/opentest4j/opentest4j/1.2.0/opentest4j-1.2.0.jar:/home/dam2/.m2/repository/org/junit/platform/junit-platform-commons/1.8.0-M1/junit-platform-commons-1.8.0-M1.jar:/home/dam2/.m2/repository/org/junit/jupiter/junit-jupiter-api/5.8.0-M1/junit-jupiter-api-5.8.0-M1.jar:/home/dam2/.m2/repository/org/jetbrains/kotlin/kotlin-stdlib-jdk8/1.4.20/kotlin-stdlib-jdk8-1.4.20.jar:/home/dam2/.m2/repository/org/jetbrains/kotlin/kotlin-stdlib/1.4.20/kotlin-stdlib-1.4.20.jar:/home/dam2/.m2/repository/org/jetbrains/kotlin/kotlin-stdlib-common/1.4.20/kotlin-stdlib-common-1.4.20.jar:/home/dam2/.m2/repository/org/jetbrains/annotations/13.0/annotations-13.0.jar:/home/dam2/.m2/repository/org/jetbrains/kotlin/kotlin-stdlib-jdk7/1.4.20/kotlin-stdlib-jdk7-1.4.20.jar:"/>
    <property name="java.vm.vendor" value="Eclipse Adoptium"/>
    <property name="sun.arch.data.model" value="64"/>
    <property name="java.vendor.url" value="https://adoptium.net/"/>
    <property name="user.timezone" value="Atlantic/Canary"/>
    <property name="os.name" value="Linux"/>
    <property name="java.vm.specification.version" value="17"/>
    <property name="sun.java.launcher" value="SUN_STANDARD"/>
    <property name="user.country" value="ES"/>
    <property name="sun.boot.library.path" value="/home/dam2/eclipse/plugins/org.eclipse.justj.openjdk.hotspot.jre.full.linux.x86_64_17.0.9.v20231028-0858/jre/lib"/>
    <property name="sun.java.command" value="/home/dam2/Escritorio/repositorios/Angel_AED_PGL/AED/java/MuchosaMuchosJPA/target/surefire/surefirebooter5103361033295411479.jar /home/dam2/Escritorio/repositorios/Angel_AED_PGL/AED/java/MuchosaMuchosJPA/target/surefire 2023-11-10T19-18-23_795-jvmRun1 surefire13674197889737958889tmp surefire_015474324108597934447tmp"/>
    <property name="jdk.debug" value="release"/>
    <property name="surefire.test.class.path" value="/home/dam2/Escritorio/repositorios/Angel_AED_PGL/AED/java/MuchosaMuchosJPA/target/test-classes:/home/dam2/Escritorio/repositorios/Angel_AED_PGL/AED/java/MuchosaMuchosJPA/target/classes:/home/dam2/.m2/repository/mysql/mysql-connector-java/8.0.26/mysql-connector-java-8.0.26.jar:/home/dam2/.m2/repository/com/google/protobuf/protobuf-java/3.11.4/protobuf-java-3.11.4.jar:/home/dam2/.m2/repository/com/fasterxml/jackson/core/jackson-databind/2.12.2/jackson-databind-2.12.2.jar:/home/dam2/.m2/repository/com/fasterxml/jackson/core/jackson-annotations/2.12.2/jackson-annotations-2.12.2.jar:/home/dam2/.m2/repository/com/fasterxml/jackson/core/jackson-core/2.12.2/jackson-core-2.12.2.jar:/home/dam2/.m2/repository/org/hibernate/hibernate-core/5.4.3.Final/hibernate-core-5.4.3.Final.jar:/home/dam2/.m2/repository/org/jboss/logging/jboss-logging/3.3.2.Final/jboss-logging-3.3.2.Final.jar:/home/dam2/.m2/repository/org/javassist/javassist/3.24.0-GA/javassist-3.24.0-GA.jar:/home/dam2/.m2/repository/net/bytebuddy/byte-buddy/1.9.10/byte-buddy-1.9.10.jar:/home/dam2/.m2/repository/antlr/antlr/2.7.7/antlr-2.7.7.jar:/home/dam2/.m2/repository/org/jboss/spec/javax/transaction/jboss-transaction-api_1.2_spec/1.1.1.Final/jboss-transaction-api_1.2_spec-1.1.1.Final.jar:/home/dam2/.m2/repository/org/jboss/jandex/2.0.5.Final/jandex-2.0.5.Final.jar:/home/dam2/.m2/repository/com/fasterxml/classmate/1.3.4/classmate-1.3.4.jar:/home/dam2/.m2/repository/javax/activation/javax.activation-api/1.2.0/javax.activation-api-1.2.0.jar:/home/dam2/.m2/repository/org/dom4j/dom4j/2.1.1/dom4j-2.1.1.jar:/home/dam2/.m2/repository/org/hibernate/common/hibernate-commons-annotations/5.1.0.Final/hibernate-commons-annotations-5.1.0.Final.jar:/home/dam2/.m2/repository/javax/xml/bind/jaxb-api/2.3.1/jaxb-api-2.3.1.jar:/home/dam2/.m2/repository/org/glassfish/jaxb/jaxb-runtime/2.3.1/jaxb-runtime-2.3.1.jar:/home/dam2/.m2/repository/org/glassfish/jaxb/txw2/2.3.1/txw2-2.3.1.jar:/home/dam2/.m2/repository/com/sun/istack/istack-commons-runtime/3.0.7/istack-commons-runtime-3.0.7.jar:/home/dam2/.m2/repository/org/jvnet/staxex/stax-ex/1.8/stax-ex-1.8.jar:/home/dam2/.m2/repository/com/sun/xml/fastinfoset/FastInfoset/1.2.15/FastInfoset-1.2.15.jar:/home/dam2/.m2/repository/org/hibernate/hibernate-entitymanager/5.4.3.Final/hibernate-entitymanager-5.4.3.Final.jar:/home/dam2/.m2/repository/javax/persistence/javax.persistence-api/2.2/javax.persistence-api-2.2.jar:/home/dam2/.m2/repository/com/h2database/h2/2.1.214/h2-2.1.214.jar:/home/dam2/.m2/repository/org/junit/jupiter/junit-jupiter-engine/5.8.0-M1/junit-jupiter-engine-5.8.0-M1.jar:/home/dam2/.m2/repository/org/apiguardian/apiguardian-api/1.1.1/apiguardian-api-1.1.1.jar:/home/dam2/.m2/repository/org/junit/platform/junit-platform-engine/1.8.0-M1/junit-platform-engine-1.8.0-M1.jar:/home/dam2/.m2/repository/org/opentest4j/opentest4j/1.2.0/opentest4j-1.2.0.jar:/home/dam2/.m2/repository/org/junit/platform/junit-platform-commons/1.8.0-M1/junit-platform-commons-1.8.0-M1.jar:/home/dam2/.m2/repository/org/junit/jupiter/junit-jupiter-api/5.8.0-M1/junit-jupiter-api-5.8.0-M1.jar:/home/dam2/.m2/repository/org/jetbrains/kotlin/kotlin-stdlib-jdk8/1.4.20/kotlin-stdlib-jdk8-1.4.20.jar:/home/dam2/.m2/repository/org/jetbrains/kotlin/kotlin-stdlib/1.4.20/kotlin-stdlib-1.4.20.jar:/home/dam2/.m2/repository/org/jetbrains/kotlin/kotlin-stdlib-common/1.4.20/kotlin-stdlib-common-1.4.20.jar:/home/dam2/.m2/repository/org/jetbrains/annotations/13.0/annotations-13.0.jar:/home/dam2/.m2/repository/org/jetbrains/kotlin/kotlin-stdlib-jdk7/1.4.20/kotlin-stdlib-jdk7-1.4.20.jar:"/>
    <property name="sun.cpu.endian" value="little"/>
    <property name="user.home" value="/home/dam2"/>
    <property name="user.language" value="es"/>
    <property name="java.specification.vendor" value="Oracle Corporation"/>
    <property name="java.version.date" value="2023-10-17"/>
    <property name="java.home" value="/home/dam2/eclipse/plugins/org.eclipse.justj.openjdk.hotspot.jre.full.linux.x86_64_17.0.9.v20231028-0858/jre"/>
    <property name="file.separator" value="/"/>
    <property name="style.color" value="always"/>
    <property name="basedir" value="/home/dam2/Escritorio/repositorios/Angel_AED_PGL/AED/java/MuchosaMuchosJPA"/>
    <property name="java.vm.compressedOopsMode" value="Zero based"/>
    <property name="line.separator" value="&#10;"/>
    <property name="java.vm.specification.vendor" value="Oracle Corporation"/>
    <property name="java.specification.name" value="Java Platform API Specification"/>
    <property name="surefire.real.class.path" value="/home/dam2/Escritorio/repositorios/Angel_AED_PGL/AED/java/MuchosaMuchosJPA/target/surefire/surefirebooter5103361033295411479.jar"/>
    <property name="sun.management.compiler" value="HotSpot 64-Bit Tiered Compilers"/>
    <property name="java.runtime.version" value="17.0.9+9"/>
    <property name="user.name" value="dam2"/>
    <property name="path.separator" value=":"/>
    <property name="os.version" value="5.15.0-88-generic"/>
    <property name="java.runtime.name" value="OpenJDK Runtime Environment"/>
    <property name="file.encoding" value="UTF-8"/>
    <property name="java.vm.name" value="OpenJDK 64-Bit Server VM"/>
    <property name="java.vendor.version" value="Temurin-17.0.9+9"/>
    <property name="localRepository" value="/home/dam2/.m2/repository"/>
    <property name="java.vendor.url.bug" value="https://github.com/adoptium/adoptium-support/issues"/>
    <property name="java.io.tmpdir" value="/tmp"/>
    <property name="java.version" value="17.0.9"/>
    <property name="user.dir" value="/home/dam2/Escritorio/repositorios/Angel_AED_PGL/AED/java/MuchosaMuchosJPA"/>
    <property name="os.arch" value="amd64"/>
    <property name="java.vm.specification.name" value="Java Virtual Machine Specification"/>
    <property name="native.encoding" value="UTF-8"/>
    <property name="java.library.path" value="/usr/java/packages/lib:/usr/lib64:/lib64:/lib:/usr/lib"/>
    <property name="java.vm.info" value="mixed mode"/>
    <property name="java.vendor" value="Eclipse Adoptium"/>
    <property name="java.vm.version" value="17.0.9+9"/>
    <property name="sun.io.unicode.encoding" value="UnicodeLittle"/>
    <property name="java.class.version" value="61.0"/>
  </properties>
  <testcase name="testFindById" classname="es.iespuertodelacruz.jc.muchosamuchos.repository.CocheRepositoryTest" time="0.091">
    <system-out><![CDATA[Hibernate: 
    select
        coche0_.matricula as matricul1_1_0_,
        coche0_.marca as marca2_1_0_ 
    from
        coches coche0_ 
    where
        coche0_.matricula=?
Hibernate: 
    select
        conductore0_.matricula as matricul1_0_0_,
        conductore0_.idconductor as idconduc2_0_0_,
        conductor1_.id as id1_2_1_,
        conductor1_.nombre as nombre2_2_1_ 
    from
        coche_conductor conductore0_ 
    inner join
        conductores conductor1_ 
            on conductore0_.idconductor=conductor1_.id 
    where
        conductore0_.matricula=?
]]></system-out>
    <system-err><![CDATA[nov 10, 2023 7:18:30 P. M. org.hibernate.jpa.internal.util.LogHelper logPersistenceUnitInformation
INFO: HHH000204: Processing PersistenceUnitInfo [name: TEST]
nov 10, 2023 7:18:30 P. M. org.hibernate.Version logVersion
INFO: HHH000412: Hibernate Core {5.4.3.Final}
nov 10, 2023 7:18:30 P. M. org.hibernate.annotations.common.reflection.java.JavaReflectionManager <clinit>
INFO: HCANN000001: Hibernate Commons Annotations {5.1.0.Final}
nov 10, 2023 7:18:30 P. M. org.hibernate.engine.jdbc.connections.internal.DriverManagerConnectionProviderImpl configure
WARN: HHH10001002: Using Hibernate built-in connection pool (not for production use!)
nov 10, 2023 7:18:30 P. M. org.hibernate.engine.jdbc.connections.internal.DriverManagerConnectionProviderImpl buildCreator
INFO: HHH10001005: using driver [org.h2.Driver] at URL [jdbc:h2:mem:test;DB_CLOSE_ON_EXIT=TRUE;DB_CLOSE_DELAY=0;MODE=Mysql;INIT=RUNSCRIPT FROM 'src/test/resources/muchosamuchos.sql';]
nov 10, 2023 7:18:30 P. M. org.hibernate.engine.jdbc.connections.internal.DriverManagerConnectionProviderImpl buildCreator
INFO: HHH10001001: Connection properties: {}
nov 10, 2023 7:18:30 P. M. org.hibernate.engine.jdbc.connections.internal.DriverManagerConnectionProviderImpl buildCreator
INFO: HHH10001003: Autocommit mode: false
nov 10, 2023 7:18:30 P. M. org.hibernate.engine.jdbc.connections.internal.DriverManagerConnectionProviderImpl$PooledConnections <init>
INFO: HHH000115: Hibernate connection pool size: 20 (min=1)
nov 10, 2023 7:18:30 P. M. org.hibernate.dialect.Dialect <init>
INFO: HHH000400: Using dialect: org.hibernate.dialect.H2Dialect
nov 10, 2023 7:18:31 P. M. org.hibernate.engine.transaction.jta.platform.internal.JtaPlatformInitiator initiateService
INFO: HHH000490: Using JtaPlatform implementation: [org.hibernate.engine.transaction.jta.platform.internal.NoJtaPlatform]
]]></system-err>
  </testcase>
  <testcase name="testFindAll" classname="es.iespuertodelacruz.jc.muchosamuchos.repository.CocheRepositoryTest" time="0.014">
    <system-out><![CDATA[Hibernate: 
    select
        coche0_.matricula as matricul1_1_,
        coche0_.marca as marca2_1_ 
    from
        coches coche0_
Hibernate: 
    select
        conductore0_.matricula as matricul1_0_0_,
        conductore0_.idconductor as idconduc2_0_0_,
        conductor1_.id as id1_2_1_,
        conductor1_.nombre as nombre2_2_1_ 
    from
        coche_conductor conductore0_ 
    inner join
        conductores conductor1_ 
            on conductore0_.idconductor=conductor1_.id 
    where
        conductore0_.matricula=?
Hibernate: 
    select
        conductore0_.matricula as matricul1_0_0_,
        conductore0_.idconductor as idconduc2_0_0_,
        conductor1_.id as id1_2_1_,
        conductor1_.nombre as nombre2_2_1_ 
    from
        coche_conductor conductore0_ 
    inner join
        conductores conductor1_ 
            on conductore0_.idconductor=conductor1_.id 
    where
        conductore0_.matricula=?
]]></system-out>
  </testcase>
  <testcase name="testSave" classname="es.iespuertodelacruz.jc.muchosamuchos.repository.CocheRepositoryTest" time="0.025">
    <system-out><![CDATA[Hibernate: 
    insert 
    into
        coches
        (marca, matricula) 
    values
        (?, ?)
Hibernate: 
    select
        conductor0_.id as id1_2_0_,
        conductor0_.nombre as nombre2_2_0_ 
    from
        conductores conductor0_ 
    where
        conductor0_.id=?
Hibernate: 
    insert 
    into
        coches
        (marca, matricula) 
    values
        (?, ?)
Hibernate: 
    insert 
    into
        coche_conductor
        (matricula, idconductor) 
    values
        (?, ?)
Hibernate: 
    select
        coche0_.matricula as matricul1_1_0_,
        coche0_.marca as marca2_1_0_ 
    from
        coches coche0_ 
    where
        coche0_.matricula=?
Hibernate: 
    select
        conductore0_.matricula as matricul1_0_0_,
        conductore0_.idconductor as idconduc2_0_0_,
        conductor1_.id as id1_2_1_,
        conductor1_.nombre as nombre2_2_1_ 
    from
        coche_conductor conductore0_ 
    inner join
        conductores conductor1_ 
            on conductore0_.idconductor=conductor1_.id 
    where
        conductore0_.matricula=?
[es.iespuertodelacruz.jc.muchosamuchos.entities.Conductor@d653e41]
]]></system-out>
  </testcase>
  <testcase name="testUpdate" classname="es.iespuertodelacruz.jc.muchosamuchos.repository.CocheRepositoryTest" time="0.01">
    <system-out><![CDATA[Hibernate: 
    select
        coche0_.matricula as matricul1_1_0_,
        coche0_.marca as marca2_1_0_ 
    from
        coches coche0_ 
    where
        coche0_.matricula=?
Hibernate: 
    update
        coches 
    set
        marca=? 
    where
        matricula=?
Hibernate: 
    delete 
    from
        coche_conductor 
    where
        matricula=?
Hibernate: 
    insert 
    into
        coche_conductor
        (matricula, idconductor) 
    values
        (?, ?)
Hibernate: 
    select
        coche0_.matricula as matricul1_1_0_,
        coche0_.marca as marca2_1_0_ 
    from
        coches coche0_ 
    where
        coche0_.matricula=?
Hibernate: 
    select
        conductore0_.matricula as matricul1_0_0_,
        conductore0_.idconductor as idconduc2_0_0_,
        conductor1_.id as id1_2_1_,
        conductor1_.nombre as nombre2_2_1_ 
    from
        coche_conductor conductore0_ 
    inner join
        conductores conductor1_ 
            on conductore0_.idconductor=conductor1_.id 
    where
        conductore0_.matricula=?
]]></system-out>
  </testcase>
  <testcase name="testRemove" classname="es.iespuertodelacruz.jc.muchosamuchos.repository.CocheRepositoryTest" time="0.011">
    <system-out><![CDATA[Hibernate: 
    select
        coche0_.matricula as matricul1_1_0_,
        coche0_.marca as marca2_1_0_ 
    from
        coches coche0_ 
    where
        coche0_.matricula=?
Hibernate: 
    select
        conductore0_.matricula as matricul1_0_0_,
        conductore0_.idconductor as idconduc2_0_0_,
        conductor1_.id as id1_2_1_,
        conductor1_.nombre as nombre2_2_1_ 
    from
        coche_conductor conductore0_ 
    inner join
        conductores conductor1_ 
            on conductore0_.idconductor=conductor1_.id 
    where
        conductore0_.matricula=?
Hibernate: 
    delete 
    from
        coche_conductor 
    where
        matricula=?
Hibernate: 
    delete 
    from
        coches 
    where
        matricula=?
Hibernate: 
    select
        coche0_.matricula as matricul1_1_0_,
        coche0_.marca as marca2_1_0_ 
    from
        coches coche0_ 
    where
        coche0_.matricula=?
]]></system-out>
  </testcase>
</testsuite>